<?xml version="1.0" encoding="UTF-8" ?>
<testsuite tests="5" failures="0" name="ensino.planejamento.dao.ObjetivoDaoSQLIT" time="0.14" errors="0" skipped="0">
  <properties>
[...]
</properties>
  <testcase classname="ensino.planejamento.dao.ObjetivoDaoSQLIT" name="ensino.planejamento.dao.ObjetivoDaoSQLIT.testSave" time="0.12"/>
  <testcase classname="ensino.planejamento.dao.ObjetivoDaoSQLIT" name="ensino.planejamento.dao.ObjetivoDaoSQLIT.testList_0args" time="0.006"/>
  <testcase classname="ensino.planejamento.dao.ObjetivoDaoSQLIT" name="ensino.planejamento.dao.ObjetivoDaoSQLIT.testList_Object" time="0.003"/>
  <testcase classname="ensino.planejamento.dao.ObjetivoDaoSQLIT" name="ensino.planejamento.dao.ObjetivoDaoSQLIT.testFindById_Object" time="0.001"/>
  <testcase classname="ensino.planejamento.dao.ObjetivoDaoSQLIT" name="ensino.planejamento.dao.ObjetivoDaoSQLIT.testRemove" time="0.01"/>
</testsuite>